<?xml version="1.0" encoding="UTF-8"?>
<!-- Generated by org.testng.reporters.JUnitXMLReporter -->
<testsuite ignored="0" hostname="DESKTOP-ECF2EJG" failures="0" tests="2" name="user" time="11.283" errors="0" timestamp="2025-07-16T14:15:54 CEST">
  <testcase classname="com.demoqa.tests.LoginTests" name="@BeforeMethod precondition" time="0.37">
    <failure type="org.openqa.selenium.ElementClickInterceptedException" message="Element &amp;lt;span class=&amp;quot;text&amp;quot;&amp;gt; is not clickable at point (101,566) because another element &amp;lt;div id=&amp;quot;fixedban&amp;quot;&amp;gt; obscures it
Build info: version: &amp;apos;4.26.0&amp;apos;, revision: &amp;apos;8ccf0219d7&amp;apos;
System info: os.name: &amp;apos;Windows 10&amp;apos;, os.arch: &amp;apos;amd64&amp;apos;, os.version: &amp;apos;10.0&amp;apos;, java.version: &amp;apos;17.0.12&amp;apos;
Driver info: org.openqa.selenium.firefox.FirefoxDriver
Command: [41269e44-9dad-4819-b961-622c5021d1cb, clickElement {id=405541e4-07f2-4158-90db-a74daa37f799}]
Capabilities {acceptInsecureCerts: true, browserName: firefox, browserVersion: 140.0.2, moz:accessibilityChecks: false, moz:buildID: 20250627085530, moz:debuggerAddress: 127.0.0.1:25321, moz:geckodriverVersion: 0.36.0, moz:headless: false, moz:platformVersion: 10.0, moz:processID: 10632, moz:profile: C:\Users\yuliana\AppData\Lo..., moz:shutdownTimeout: 60000, moz:webdriverClick: true, moz:windowless: false, pageLoadStrategy: normal, platformName: windows, proxy: Proxy(), se:cdp: ws://127.0.0.1:25321/devtoo..., se:cdpVersion: 85.0, setWindowRect: true, strictFileInteractability: false, timeouts: {implicit: 0, pageLoad: 300000, script: 30000}, unhandledPromptBehavior: dismiss and notify, userAgent: Mozilla/5.0 (Windows NT 10....}
Element: [[FirefoxDriver: firefox on windows (41269e44-9dad-4819-b961-622c5021d1cb)] -&amp;gt; xpath: //span[.=&amp;apos;Login&amp;apos;]]
Session ID: 41269e44-9dad-4819-b961-622c5021d1cb">
      <![CDATA[org.openqa.selenium.ElementClickInterceptedException: Element <span class="text"> is not clickable at point (101,566) because another element <div id="fixedban"> obscures it
Build info: version: '4.26.0', revision: '8ccf0219d7'
System info: os.name: 'Windows 10', os.arch: 'amd64', os.version: '10.0', java.version: '17.0.12'
Driver info: org.openqa.selenium.firefox.FirefoxDriver
Command: [41269e44-9dad-4819-b961-622c5021d1cb, clickElement {id=405541e4-07f2-4158-90db-a74daa37f799}]
Capabilities {acceptInsecureCerts: true, browserName: firefox, browserVersion: 140.0.2, moz:accessibilityChecks: false, moz:buildID: 20250627085530, moz:debuggerAddress: 127.0.0.1:25321, moz:geckodriverVersion: 0.36.0, moz:headless: false, moz:platformVersion: 10.0, moz:processID: 10632, moz:profile: C:\Users\yuliana\AppData\Lo..., moz:shutdownTimeout: 60000, moz:webdriverClick: true, moz:windowless: false, pageLoadStrategy: normal, platformName: windows, proxy: Proxy(), se:cdp: ws://127.0.0.1:25321/devtoo..., se:cdpVersion: 85.0, setWindowRect: true, strictFileInteractability: false, timeouts: {implicit: 0, pageLoad: 300000, script: 30000}, unhandledPromptBehavior: dismiss and notify, userAgent: Mozilla/5.0 (Windows NT 10....}
Element: [[FirefoxDriver: firefox on windows (41269e44-9dad-4819-b961-622c5021d1cb)] -> xpath: //span[.='Login']]
Session ID: 41269e44-9dad-4819-b961-622c5021d1cb
at org.openqa.selenium.remote.ErrorCodec.decode(ErrorCodec.java:167)
at org.openqa.selenium.remote.codec.w3c.W3CHttpResponseCodec.decode(W3CHttpResponseCodec.java:138)
at org.openqa.selenium.remote.codec.w3c.W3CHttpResponseCodec.decode(W3CHttpResponseCodec.java:50)
at org.openqa.selenium.remote.HttpCommandExecutor.execute(HttpCommandExecutor.java:190)
at org.openqa.selenium.remote.service.DriverCommandExecutor.invokeExecute(DriverCommandExecutor.java:216)
at org.openqa.selenium.remote.service.DriverCommandExecutor.execute(DriverCommandExecutor.java:174)
at org.openqa.selenium.remote.RemoteWebDriver.execute(RemoteWebDriver.java:545)
at org.openqa.selenium.remote.RemoteWebElement.execute(RemoteWebElement.java:223)
at org.openqa.selenium.remote.RemoteWebElement.click(RemoteWebElement.java:76)
at org.openqa.selenium.support.decorators.WebDriverDecorator.call(WebDriverDecorator.java:249)
at org.openqa.selenium.support.decorators.DefaultDecorated.call(DefaultDecorated.java:48)
at org.openqa.selenium.support.decorators.WebDriverDecorator.lambda$createProxy$2(WebDriverDecorator.java:321)
at net.bytebuddy.renamed.java.lang.Object$ByteBuddy$ml1c5eCS.click(Unknown Source)
at org.openqa.selenium.support.pagefactory.internal.LocatingElementHandler.invoke(LocatingElementHandler.java:51)
at jdk.proxy2/jdk.proxy2.$Proxy33.click(Unknown Source)
at com.demoqa.pages.BasePage.click(BasePage.java:24)
at com.demoqa.pages.SidePanel.selectLogin(SidePanel.java:27)
at com.demoqa.tests.LoginTests.precondition(LoginTests.java:14)
at java.base/java.util.ArrayList.forEach(ArrayList.java:1511)
... Removed 48 stack frames]]>
    </failure>
  </testcase> <!-- @BeforeMethod precondition -->
  <testcase classname="com.demoqa.tests.TestBase" name="@AfterMethod tearDown" time="0.0">
    <skipped/>
  </testcase> <!-- @AfterMethod tearDown -->
  <testcase classname="com.demoqa.tests.LoginTests" name="loginPositiveTest" time="0.001">
    <skipped/>
  </testcase> <!-- loginPositiveTest -->
  <testcase classname="com.demoqa.tests.SearchBookTests" name="searchBookPositiveTest" time="0.389"/>
</testsuite> <!-- user -->
